<?xml version="1.0" encoding="UTF-8"?>
<testsuite name="PangramTest" tests="5" skipped="0" failures="0" errors="0" timestamp="2018-01-06T16:14:09" hostname="Andreass-MBP" time="0.003">
  <properties/>
  <testcase name="nonAsciiCharacters" classname="PangramTest" time="0.001"/>
  <testcase name="emptySentence" classname="PangramTest" time="0.0"/>
  <testcase name="testLowercasePangram" classname="PangramTest" time="0.0"/>
  <testcase name="missingCharacterX" classname="PangramTest" time="0.0"/>
  <testcase name="mixedCaseAndPunctuation" classname="PangramTest" time="0.0"/>
  <system-out><![CDATA[]]></system-out>
  <system-err><![CDATA[]]></system-err>
</testsuite>
