<?xml version="1.0" encoding="UTF-8"?>
<testsuite name="EtlTest" tests="4" skipped="0" failures="0" errors="0" timestamp="2016-08-18T19:04:43" hostname="Andreass-MacBook-Pro.local" time="0.103">
  <properties/>
  <testcase name="testTransformMoreValues" classname="EtlTest" time="0.091"/>
  <testcase name="testMoreKeys" classname="EtlTest" time="0.007"/>
  <testcase name="testFullDataset" classname="EtlTest" time="0.003"/>
  <testcase name="testTransformOneValue" classname="EtlTest" time="0.0"/>
  <system-out><![CDATA[]]></system-out>
  <system-err><![CDATA[]]></system-err>
</testsuite>
